  [1m[35m (1.2ms)[0m  [1m[35mCREATE TABLE "schema_migrations" ("version" varchar NOT NULL PRIMARY KEY)[0m
  [1m[35m (1.8ms)[0m  [1m[35mCREATE TABLE "ar_internal_metadata" ("key" varchar NOT NULL PRIMARY KEY, "value" varchar, "created_at" datetime(6) NOT NULL, "updated_at" datetime(6) NOT NULL)[0m
  [1m[36mActiveRecord::SchemaMigration Pluck (0.3ms)[0m  [1m[34mSELECT "schema_migrations"."version" FROM "schema_migrations" ORDER BY "schema_migrations"."version" ASC[0m
Migrating to CreateBuildings (20230518151708)
  [1m[36mTRANSACTION (0.1ms)[0m  [1m[36mbegin transaction[0m
  [1m[35m (0.4ms)[0m  [1m[35mCREATE TABLE "buildings" ("id" integer PRIMARY KEY AUTOINCREMENT NOT NULL, "name" varchar, "address" varchar, "latitude" float, "longitude" float, "neighborhood" varchar, "city" varchar, "country" varchar, "created_at" datetime(6) NOT NULL, "updated_at" datetime(6) NOT NULL)[0m
  [1m[36mActiveRecord::SchemaMigration Create (0.2ms)[0m  [1m[32mINSERT INTO "schema_migrations" ("version") VALUES (?)[0m  [["version", "20230518151708"]]
  [1m[36mTRANSACTION (0.9ms)[0m  [1m[36mcommit transaction[0m
  [1m[36mActiveRecord::InternalMetadata Load (0.2ms)[0m  [1m[34mSELECT "ar_internal_metadata".* FROM "ar_internal_metadata" WHERE "ar_internal_metadata"."key" = ? LIMIT ?[0m  [["key", "environment"], ["LIMIT", 1]]
  [1m[36mTRANSACTION (0.0ms)[0m  [1m[36mbegin transaction[0m
  [1m[36mActiveRecord::InternalMetadata Create (0.3ms)[0m  [1m[32mINSERT INTO "ar_internal_metadata" ("key", "value", "created_at", "updated_at") VALUES (?, ?, ?, ?)[0m  [["key", "environment"], ["value", "development"], ["created_at", "2023-05-18 15:17:31.687772"], ["updated_at", "2023-05-18 15:17:31.687772"]]
  [1m[36mTRANSACTION (0.5ms)[0m  [1m[36mcommit transaction[0m
  [1m[36mActiveRecord::SchemaMigration Pluck (0.1ms)[0m  [1m[34mSELECT "schema_migrations"."version" FROM "schema_migrations" ORDER BY "schema_migrations"."version" ASC[0m
  [1m[36mActiveRecord::SchemaMigration Pluck (0.4ms)[0m  [1m[34mSELECT "schema_migrations"."version" FROM "schema_migrations" ORDER BY "schema_migrations"."version" ASC[0m
Migrating to CreateReviews (20230518152320)
  [1m[36mTRANSACTION (0.0ms)[0m  [1m[36mbegin transaction[0m
  [1m[35m (1.5ms)[0m  [1m[35mCREATE TABLE "reviews" ("id" integer PRIMARY KEY AUTOINCREMENT NOT NULL, "content" text, "rating" integer, "building_id" integer NOT NULL, "created_at" datetime(6) NOT NULL, "updated_at" datetime(6) NOT NULL, CONSTRAINT "fk_rails_b996a939f4"
FOREIGN KEY ("building_id")
  REFERENCES "buildings" ("id")
)[0m
  [1m[35m (0.4ms)[0m  [1m[35mCREATE INDEX "index_reviews_on_building_id" ON "reviews" ("building_id")[0m
  [1m[36mActiveRecord::SchemaMigration Create (0.9ms)[0m  [1m[32mINSERT INTO "schema_migrations" ("version") VALUES (?)[0m  [["version", "20230518152320"]]
  [1m[36mTRANSACTION (4.6ms)[0m  [1m[36mcommit transaction[0m
  [1m[36mActiveRecord::InternalMetadata Load (1.4ms)[0m  [1m[34mSELECT "ar_internal_metadata".* FROM "ar_internal_metadata" WHERE "ar_internal_metadata"."key" = ? LIMIT ?[0m  [["key", "environment"], ["LIMIT", 1]]
  [1m[36mActiveRecord::SchemaMigration Pluck (0.1ms)[0m  [1m[34mSELECT "schema_migrations"."version" FROM "schema_migrations" ORDER BY "schema_migrations"."version" ASC[0m
  [1m[36mActiveRecord::SchemaMigration Pluck (0.4ms)[0m  [1m[34mSELECT "schema_migrations"."version" FROM "schema_migrations" ORDER BY "schema_migrations"."version" ASC[0m
Migrating to CreateUsers (20230518152845)
  [1m[36mTRANSACTION (0.0ms)[0m  [1m[36mbegin transaction[0m
  [1m[35m (0.4ms)[0m  [1m[35mCREATE TABLE "users" ("id" integer PRIMARY KEY AUTOINCREMENT NOT NULL, "username" varchar, "email" varchar, "password" varchar, "created_at" datetime(6) NOT NULL, "updated_at" datetime(6) NOT NULL)[0m
  [1m[36mActiveRecord::SchemaMigration Create (0.5ms)[0m  [1m[32mINSERT INTO "schema_migrations" ("version") VALUES (?)[0m  [["version", "20230518152845"]]
  [1m[36mTRANSACTION (0.5ms)[0m  [1m[36mcommit transaction[0m
  [1m[36mActiveRecord::InternalMetadata Load (0.5ms)[0m  [1m[34mSELECT "ar_internal_metadata".* FROM "ar_internal_metadata" WHERE "ar_internal_metadata"."key" = ? LIMIT ?[0m  [["key", "environment"], ["LIMIT", 1]]
  [1m[36mActiveRecord::SchemaMigration Pluck (0.1ms)[0m  [1m[34mSELECT "schema_migrations"."version" FROM "schema_migrations" ORDER BY "schema_migrations"."version" ASC[0m
Started GET "/" for ::1 at 2023-05-18 21:26:27 +0200
  [1m[36mActiveRecord::SchemaMigration Pluck (0.5ms)[0m  [1m[34mSELECT "schema_migrations"."version" FROM "schema_migrations" ORDER BY "schema_migrations"."version" ASC[0m
  [1m[36mCACHE ActiveRecord::SchemaMigration Pluck (0.0ms)[0m  [1m[34mSELECT "schema_migrations"."version" FROM "schema_migrations" ORDER BY "schema_migrations"."version" ASC[0m
  
ActiveRecord::PendingMigrationError (

Migrations are pending. To resolve this issue, run:

        bin/rails db:migrate RAILS_ENV=development

You have 3 pending migrations:

20230518173823_create_buildings.rb
20230518174012_create_reviews.rb
20230518174034_create_users.rb


):
  
activerecord (7.0.4.3) lib/active_record/migration.rb:627:in `check_pending!'
activerecord (7.0.4.3) lib/active_record/migration.rb:592:in `block (2 levels) in call'
activesupport (7.0.4.3) lib/active_support/file_update_checker.rb:83:in `execute'
activerecord (7.0.4.3) lib/active_record/migration.rb:597:in `block in call'
activerecord (7.0.4.3) lib/active_record/migration.rb:589:in `synchronize'
activerecord (7.0.4.3) lib/active_record/migration.rb:589:in `call'
actionpack (7.0.4.3) lib/action_dispatch/middleware/callbacks.rb:27:in `block in call'
activesupport (7.0.4.3) lib/active_support/callbacks.rb:99:in `run_callbacks'
actionpack (7.0.4.3) lib/action_dispatch/middleware/callbacks.rb:26:in `call'
actionpack (7.0.4.3) lib/action_dispatch/middleware/executor.rb:14:in `call'
actionpack (7.0.4.3) lib/action_dispatch/middleware/actionable_exceptions.rb:17:in `call'
actionpack (7.0.4.3) lib/action_dispatch/middleware/debug_exceptions.rb:28:in `call'
web-console (4.2.0) lib/web_console/middleware.rb:132:in `call_app'
web-console (4.2.0) lib/web_console/middleware.rb:28:in `block in call'
web-console (4.2.0) lib/web_console/middleware.rb:17:in `catch'
web-console (4.2.0) lib/web_console/middleware.rb:17:in `call'
actionpack (7.0.4.3) lib/action_dispatch/middleware/show_exceptions.rb:26:in `call'
railties (7.0.4.3) lib/rails/rack/logger.rb:40:in `call_app'
railties (7.0.4.3) lib/rails/rack/logger.rb:25:in `block in call'
activesupport (7.0.4.3) lib/active_support/tagged_logging.rb:99:in `block in tagged'
activesupport (7.0.4.3) lib/active_support/tagged_logging.rb:37:in `tagged'
activesupport (7.0.4.3) lib/active_support/tagged_logging.rb:99:in `tagged'
railties (7.0.4.3) lib/rails/rack/logger.rb:25:in `call'
sprockets-rails (3.4.2) lib/sprockets/rails/quiet_assets.rb:13:in `call'
actionpack (7.0.4.3) lib/action_dispatch/middleware/remote_ip.rb:93:in `call'
actionpack (7.0.4.3) lib/action_dispatch/middleware/request_id.rb:26:in `call'
rack (2.2.6.4) lib/rack/method_override.rb:24:in `call'
rack (2.2.6.4) lib/rack/runtime.rb:22:in `call'
activesupport (7.0.4.3) lib/active_support/cache/strategy/local_cache_middleware.rb:29:in `call'
actionpack (7.0.4.3) lib/action_dispatch/middleware/server_timing.rb:61:in `block in call'
actionpack (7.0.4.3) lib/action_dispatch/middleware/server_timing.rb:26:in `collect_events'
actionpack (7.0.4.3) lib/action_dispatch/middleware/server_timing.rb:60:in `call'
actionpack (7.0.4.3) lib/action_dispatch/middleware/executor.rb:14:in `call'
actionpack (7.0.4.3) lib/action_dispatch/middleware/static.rb:23:in `call'
rack (2.2.6.4) lib/rack/sendfile.rb:110:in `call'
actionpack (7.0.4.3) lib/action_dispatch/middleware/host_authorization.rb:137:in `call'
railties (7.0.4.3) lib/rails/engine.rb:530:in `call'
puma (5.6.5) lib/puma/configuration.rb:252:in `call'
puma (5.6.5) lib/puma/request.rb:77:in `block in handle_request'
puma (5.6.5) lib/puma/thread_pool.rb:340:in `with_force_shutdown'
puma (5.6.5) lib/puma/request.rb:76:in `handle_request'
puma (5.6.5) lib/puma/server.rb:443:in `process_client'
puma (5.6.5) lib/puma/thread_pool.rb:147:in `block in spawn_thread'
  [1m[36mActiveRecord::SchemaMigration Pluck (0.5ms)[0m  [1m[34mSELECT "schema_migrations"."version" FROM "schema_migrations" ORDER BY "schema_migrations"."version" ASC[0m
Migrating to CreateBuildings (20230518173823)
  [1m[36mTRANSACTION (0.1ms)[0m  [1m[36mbegin transaction[0m
  [1m[35m (0.5ms)[0m  [1m[35mCREATE TABLE "buildings" ("id" integer PRIMARY KEY AUTOINCREMENT NOT NULL, "name" varchar, "address" varchar, "neighborhood" varchar, "city" varchar, "country" varchar, "latitude" float, "longitude" float, "created_at" datetime(6) NOT NULL, "updated_at" datetime(6) NOT NULL)[0m
  [1m[36mTRANSACTION (0.0ms)[0m  [1m[31mrollback transaction[0m
  [1m[36mActiveRecord::SchemaMigration Pluck (0.4ms)[0m  [1m[34mSELECT "schema_migrations"."version" FROM "schema_migrations" ORDER BY "schema_migrations"."version" ASC[0m
  [1m[36mActiveRecord::SchemaMigration Pluck (0.1ms)[0m  [1m[34mSELECT "schema_migrations"."version" FROM "schema_migrations" ORDER BY "schema_migrations"."version" ASC[0m
  [1m[36mActiveRecord::SchemaMigration Pluck (0.1ms)[0m  [1m[34mSELECT "schema_migrations"."version" FROM "schema_migrations" ORDER BY "schema_migrations"."version" ASC[0m
  [1m[36mActiveRecord::SchemaMigration Pluck (0.6ms)[0m  [1m[34mSELECT "schema_migrations"."version" FROM "schema_migrations" ORDER BY "schema_migrations"."version" ASC[0m
Migrating to CreateBuildings (20230518173823)
  [1m[36mTRANSACTION (0.1ms)[0m  [1m[36mbegin transaction[0m
  [1m[35m (0.1ms)[0m  [1m[35mCREATE TABLE IF NOT EXISTS "buildings" ("id" integer PRIMARY KEY AUTOINCREMENT NOT NULL, "name" varchar, "address" varchar, "neighborhood" varchar, "city" varchar, "country" varchar, "latitude" float, "longitude" float, "created_at" datetime(6) NOT NULL, "updated_at" datetime(6) NOT NULL)[0m
  [1m[36mActiveRecord::SchemaMigration Create (1.2ms)[0m  [1m[32mINSERT INTO "schema_migrations" ("version") VALUES (?)[0m  [["version", "20230518173823"]]
  [1m[36mTRANSACTION (1.1ms)[0m  [1m[36mcommit transaction[0m
Migrating to CreateReviews (20230518174012)
  [1m[36mTRANSACTION (0.0ms)[0m  [1m[36mbegin transaction[0m
  [1m[35m (0.3ms)[0m  [1m[35mCREATE TABLE "reviews" ("id" integer PRIMARY KEY AUTOINCREMENT NOT NULL, "title" varchar, "content" text, "rating" integer, "building_id" integer NOT NULL, "created_at" datetime(6) NOT NULL, "updated_at" datetime(6) NOT NULL, CONSTRAINT "fk_rails_b996a939f4"
FOREIGN KEY ("building_id")
  REFERENCES "buildings" ("id")
)[0m
  [1m[36mTRANSACTION (0.0ms)[0m  [1m[31mrollback transaction[0m
  [1m[36mActiveRecord::SchemaMigration Pluck (0.1ms)[0m  [1m[34mSELECT "schema_migrations"."version" FROM "schema_migrations" ORDER BY "schema_migrations"."version" ASC[0m
Migrating to CreateReviews (20230518174012)
  [1m[36mTRANSACTION (0.1ms)[0m  [1m[36mbegin transaction[0m
  [1m[35m (0.1ms)[0m  [1m[35mCREATE TABLE IF NOT EXISTS "reviews" ("id" integer PRIMARY KEY AUTOINCREMENT NOT NULL, "title" varchar, "content" text, "rating" integer, "building_id" integer NOT NULL, "created_at" datetime(6) NOT NULL, "updated_at" datetime(6) NOT NULL, CONSTRAINT "fk_rails_b996a939f4"
FOREIGN KEY ("building_id")
  REFERENCES "buildings" ("id")
)[0m
  [1m[35m (0.0ms)[0m  [1m[35mCREATE INDEX IF NOT EXISTS "index_reviews_on_building_id" ON "reviews" ("building_id")[0m
  [1m[36mActiveRecord::SchemaMigration Create (0.4ms)[0m  [1m[32mINSERT INTO "schema_migrations" ("version") VALUES (?)[0m  [["version", "20230518174012"]]
  [1m[36mTRANSACTION (1.0ms)[0m  [1m[36mcommit transaction[0m
Migrating to CreateUsers (20230518174034)
  [1m[36mTRANSACTION (0.0ms)[0m  [1m[36mbegin transaction[0m
  [1m[35m (0.1ms)[0m  [1m[35mCREATE TABLE IF NOT EXISTS "users" ("id" integer PRIMARY KEY AUTOINCREMENT NOT NULL, "name" varchar, "email" varchar, "password_digest" varchar, "created_at" datetime(6) NOT NULL, "updated_at" datetime(6) NOT NULL)[0m
  [1m[36mActiveRecord::SchemaMigration Create (0.2ms)[0m  [1m[32mINSERT INTO "schema_migrations" ("version") VALUES (?)[0m  [["version", "20230518174034"]]
  [1m[36mTRANSACTION (1.2ms)[0m  [1m[36mcommit transaction[0m
  [1m[36mActiveRecord::InternalMetadata Load (0.2ms)[0m  [1m[34mSELECT "ar_internal_metadata".* FROM "ar_internal_metadata" WHERE "ar_internal_metadata"."key" = ? LIMIT ?[0m  [["key", "environment"], ["LIMIT", 1]]
  [1m[36mActiveRecord::SchemaMigration Pluck (0.2ms)[0m  [1m[34mSELECT "schema_migrations"."version" FROM "schema_migrations" ORDER BY "schema_migrations"."version" ASC[0m
Started GET "/" for ::1 at 2023-05-18 21:32:29 +0200
  [1m[36mActiveRecord::SchemaMigration Pluck (0.4ms)[0m  [1m[34mSELECT "schema_migrations"."version" FROM "schema_migrations" ORDER BY "schema_migrations"."version" ASC[0m
Processing by Rails::WelcomeController#index as HTML
  Rendering /Users/heliomiguel/.rbenv/versions/3.1.2/lib/ruby/gems/3.1.0/gems/railties-7.0.4.3/lib/rails/templates/rails/welcome/index.html.erb
  Rendered /Users/heliomiguel/.rbenv/versions/3.1.2/lib/ruby/gems/3.1.0/gems/railties-7.0.4.3/lib/rails/templates/rails/welcome/index.html.erb (Duration: 2.1ms | Allocations: 528)
Completed 200 OK in 18ms (Views: 5.4ms | ActiveRecord: 0.0ms | Allocations: 4234)


Started GET "/buildings" for ::1 at 2023-05-18 21:32:38 +0200
Processing by BuildingsController#index as HTML
  Rendering layout layouts/application.html.erb
  Rendering buildings/index.html.erb within layouts/application
  [1m[36mBuilding Load (0.6ms)[0m  [1m[34mSELECT "buildings".* FROM "buildings"[0m
  ↳ app/views/buildings/index.html.erb:6
  Rendered buildings/index.html.erb within layouts/application (Duration: 5.9ms | Allocations: 1495)
  Rendered layout layouts/application.html.erb (Duration: 360.9ms | Allocations: 93374)
Completed 200 OK in 368ms (Views: 362.9ms | ActiveRecord: 0.6ms | Allocations: 95250)


Started GET "/buildings/new" for ::1 at 2023-05-18 21:32:41 +0200
Processing by BuildingsController#new as HTML
  Rendering layout layouts/application.html.erb
  Rendering buildings/new.html.erb within layouts/application
  Rendered buildings/_form.html.erb (Duration: 59.3ms | Allocations: 6297)
  Rendered buildings/new.html.erb within layouts/application (Duration: 62.2ms | Allocations: 6651)
  Rendered layout layouts/application.html.erb (Duration: 66.4ms | Allocations: 8968)
Completed 200 OK in 89ms (Views: 66.8ms | ActiveRecord: 0.5ms | Allocations: 16146)


Started GET "/buildings" for ::1 at 2023-05-18 21:32:44 +0200
Processing by BuildingsController#index as HTML
  Rendering layout layouts/application.html.erb
  Rendering buildings/index.html.erb within layouts/application
  [1m[36mBuilding Load (0.2ms)[0m  [1m[34mSELECT "buildings".* FROM "buildings"[0m
  ↳ app/views/buildings/index.html.erb:6
  Rendered buildings/index.html.erb within layouts/application (Duration: 4.1ms | Allocations: 907)
  Rendered layout layouts/application.html.erb (Duration: 8.5ms | Allocations: 3102)
Completed 200 OK in 11ms (Views: 9.1ms | ActiveRecord: 0.2ms | Allocations: 3428)


Started GET "/reviews" for ::1 at 2023-05-18 21:32:48 +0200
Processing by ReviewsController#index as HTML
  Rendering layout layouts/application.html.erb
  Rendering reviews/index.html.erb within layouts/application
  [1m[36mReview Load (0.7ms)[0m  [1m[34mSELECT "reviews".* FROM "reviews"[0m
  ↳ app/views/reviews/index.html.erb:6
  Rendered reviews/index.html.erb within layouts/application (Duration: 3.4ms | Allocations: 1363)
  Rendered layout layouts/application.html.erb (Duration: 7.2ms | Allocations: 3779)
Completed 200 OK in 20ms (Views: 8.3ms | ActiveRecord: 0.7ms | Allocations: 6087)


Started GET "/reviews/new" for ::1 at 2023-05-18 21:32:49 +0200
Processing by ReviewsController#new as HTML
  Rendering layout layouts/application.html.erb
  Rendering reviews/new.html.erb within layouts/application
  Rendered reviews/_form.html.erb (Duration: 7.0ms | Allocations: 2892)
  Rendered reviews/new.html.erb within layouts/application (Duration: 7.9ms | Allocations: 3195)
  Rendered layout layouts/application.html.erb (Duration: 11.3ms | Allocations: 5508)
Completed 200 OK in 19ms (Views: 11.7ms | ActiveRecord: 0.5ms | Allocations: 9048)


Started GET "/reviews" for ::1 at 2023-05-18 21:32:51 +0200
Processing by ReviewsController#index as HTML
  Rendering layout layouts/application.html.erb
  Rendering reviews/index.html.erb within layouts/application
  [1m[36mReview Load (0.2ms)[0m  [1m[34mSELECT "reviews".* FROM "reviews"[0m
  ↳ app/views/reviews/index.html.erb:6
  Rendered reviews/index.html.erb within layouts/application (Duration: 2.6ms | Allocations: 907)
  Rendered layout layouts/application.html.erb (Duration: 9.4ms | Allocations: 3101)
Completed 200 OK in 11ms (Views: 10.2ms | ActiveRecord: 0.2ms | Allocations: 3427)


Started GET "/uers" for ::1 at 2023-05-18 21:32:56 +0200
  
ActionController::RoutingError (No route matches [GET] "/uers"):
  
Started GET "/users/1" for ::1 at 2023-05-18 21:32:59 +0200
Processing by UsersController#show as HTML
  Parameters: {"id"=>"1"}
  [1m[36mUser Load (1.7ms)[0m  [1m[34mSELECT "users".* FROM "users" WHERE "users"."id" = ? LIMIT ?[0m  [["id", 1], ["LIMIT", 1]]
  ↳ app/controllers/users_controller.rb:63:in `set_user'
Completed 404 Not Found in 11ms (ActiveRecord: 2.5ms | Allocations: 3896)


  
ActiveRecord::RecordNotFound (Couldn't find User with 'id'=1):
  
app/controllers/users_controller.rb:63:in `set_user'
Started GET "/users" for ::1 at 2023-05-18 21:33:02 +0200
Processing by UsersController#index as HTML
  Rendering layout layouts/application.html.erb
  Rendering users/index.html.erb within layouts/application
  [1m[36mUser Load (0.1ms)[0m  [1m[34mSELECT "users".* FROM "users"[0m
  ↳ app/views/users/index.html.erb:6
  Rendered users/index.html.erb within layouts/application (Duration: 2.0ms | Allocations: 1317)
  Rendered layout layouts/application.html.erb (Duration: 5.2ms | Allocations: 3745)
Completed 200 OK in 8ms (Views: 7.0ms | ActiveRecord: 0.1ms | Allocations: 4495)


Started GET "/users/new" for ::1 at 2023-05-18 21:33:04 +0200
Processing by UsersController#new as HTML
  Rendering layout layouts/application.html.erb
  Rendering users/new.html.erb within layouts/application
  Rendered users/_form.html.erb (Duration: 2.7ms | Allocations: 2122)
  Rendered users/new.html.erb within layouts/application (Duration: 4.6ms | Allocations: 2407)
  Rendered layout layouts/application.html.erb (Duration: 7.6ms | Allocations: 4599)
Completed 200 OK in 14ms (Views: 8.0ms | ActiveRecord: 0.0ms | Allocations: 7652)


Started POST "/users" for ::1 at 2023-05-18 21:33:33 +0200
Processing by UsersController#create as TURBO_STREAM
  Parameters: {"authenticity_token"=>"[FILTERED]", "user"=>{"name"=>"Tester", "email"=>"tester@test.com", "password_digest"=>"[FILTERED]"}, "commit"=>"Create User"}
Completed 500 Internal Server Error in 3ms (ActiveRecord: 0.0ms | Allocations: 1510)


  
ActiveModel::UnknownAttributeError (unknown attribute 'name' for User.

          raise UnknownAttributeError.new(self, k.to_s)
          ^^^^^):
  
app/controllers/users_controller.rb:24:in `create'
Started GET "/" for ::1 at 2023-05-19 22:10:39 +0200
  [1m[36mActiveRecord::SchemaMigration Pluck (1.4ms)[0m  [1m[34mSELECT "schema_migrations"."version" FROM "schema_migrations" ORDER BY "schema_migrations"."version" ASC[0m
  [1m[36mCACHE ActiveRecord::SchemaMigration Pluck (0.0ms)[0m  [1m[34mSELECT "schema_migrations"."version" FROM "schema_migrations" ORDER BY "schema_migrations"."version" ASC[0m
  
ActiveRecord::PendingMigrationError (

Migrations are pending. To resolve this issue, run:

        bin/rails db:migrate RAILS_ENV=development

You have 1 pending migration:

20230519195536_add_image_to_buildings.rb


):
  
activerecord (7.0.4.3) lib/active_record/migration.rb:627:in `check_pending!'
activerecord (7.0.4.3) lib/active_record/migration.rb:592:in `block (2 levels) in call'
activesupport (7.0.4.3) lib/active_support/file_update_checker.rb:83:in `execute'
activerecord (7.0.4.3) lib/active_record/migration.rb:597:in `block in call'
activerecord (7.0.4.3) lib/active_record/migration.rb:589:in `synchronize'
activerecord (7.0.4.3) lib/active_record/migration.rb:589:in `call'
actionpack (7.0.4.3) lib/action_dispatch/middleware/callbacks.rb:27:in `block in call'
activesupport (7.0.4.3) lib/active_support/callbacks.rb:99:in `run_callbacks'
actionpack (7.0.4.3) lib/action_dispatch/middleware/callbacks.rb:26:in `call'
actionpack (7.0.4.3) lib/action_dispatch/middleware/executor.rb:14:in `call'
actionpack (7.0.4.3) lib/action_dispatch/middleware/actionable_exceptions.rb:17:in `call'
actionpack (7.0.4.3) lib/action_dispatch/middleware/debug_exceptions.rb:28:in `call'
web-console (4.2.0) lib/web_console/middleware.rb:132:in `call_app'
web-console (4.2.0) lib/web_console/middleware.rb:28:in `block in call'
web-console (4.2.0) lib/web_console/middleware.rb:17:in `catch'
web-console (4.2.0) lib/web_console/middleware.rb:17:in `call'
actionpack (7.0.4.3) lib/action_dispatch/middleware/show_exceptions.rb:26:in `call'
railties (7.0.4.3) lib/rails/rack/logger.rb:40:in `call_app'
railties (7.0.4.3) lib/rails/rack/logger.rb:25:in `block in call'
activesupport (7.0.4.3) lib/active_support/tagged_logging.rb:99:in `block in tagged'
activesupport (7.0.4.3) lib/active_support/tagged_logging.rb:37:in `tagged'
activesupport (7.0.4.3) lib/active_support/tagged_logging.rb:99:in `tagged'
railties (7.0.4.3) lib/rails/rack/logger.rb:25:in `call'
sprockets-rails (3.4.2) lib/sprockets/rails/quiet_assets.rb:13:in `call'
actionpack (7.0.4.3) lib/action_dispatch/middleware/remote_ip.rb:93:in `call'
actionpack (7.0.4.3) lib/action_dispatch/middleware/request_id.rb:26:in `call'
rack (2.2.6.4) lib/rack/method_override.rb:24:in `call'
rack (2.2.6.4) lib/rack/runtime.rb:22:in `call'
activesupport (7.0.4.3) lib/active_support/cache/strategy/local_cache_middleware.rb:29:in `call'
actionpack (7.0.4.3) lib/action_dispatch/middleware/server_timing.rb:61:in `block in call'
actionpack (7.0.4.3) lib/action_dispatch/middleware/server_timing.rb:26:in `collect_events'
actionpack (7.0.4.3) lib/action_dispatch/middleware/server_timing.rb:60:in `call'
actionpack (7.0.4.3) lib/action_dispatch/middleware/executor.rb:14:in `call'
actionpack (7.0.4.3) lib/action_dispatch/middleware/static.rb:23:in `call'
rack (2.2.6.4) lib/rack/sendfile.rb:110:in `call'
actionpack (7.0.4.3) lib/action_dispatch/middleware/host_authorization.rb:137:in `call'
railties (7.0.4.3) lib/rails/engine.rb:530:in `call'
puma (5.6.5) lib/puma/configuration.rb:252:in `call'
puma (5.6.5) lib/puma/request.rb:77:in `block in handle_request'
puma (5.6.5) lib/puma/thread_pool.rb:340:in `with_force_shutdown'
puma (5.6.5) lib/puma/request.rb:76:in `handle_request'
puma (5.6.5) lib/puma/server.rb:443:in `process_client'
puma (5.6.5) lib/puma/thread_pool.rb:147:in `block in spawn_thread'
  [1m[36mActiveRecord::SchemaMigration Pluck (0.5ms)[0m  [1m[34mSELECT "schema_migrations"."version" FROM "schema_migrations" ORDER BY "schema_migrations"."version" ASC[0m
Migrating to AddImageToBuildings (20230519195536)
  [1m[36mTRANSACTION (0.1ms)[0m  [1m[36mbegin transaction[0m
  [1m[35m (8.6ms)[0m  [1m[35mALTER TABLE "buildings" ADD "image" varchar[0m
  [1m[36mActiveRecord::SchemaMigration Create (1.6ms)[0m  [1m[32mINSERT INTO "schema_migrations" ("version") VALUES (?)[0m  [["version", "20230519195536"]]
  [1m[36mTRANSACTION (2.1ms)[0m  [1m[36mcommit transaction[0m
  [1m[36mActiveRecord::InternalMetadata Load (0.9ms)[0m  [1m[34mSELECT "ar_internal_metadata".* FROM "ar_internal_metadata" WHERE "ar_internal_metadata"."key" = ? LIMIT ?[0m  [["key", "environment"], ["LIMIT", 1]]
  [1m[36mActiveRecord::SchemaMigration Pluck (0.3ms)[0m  [1m[34mSELECT "schema_migrations"."version" FROM "schema_migrations" ORDER BY "schema_migrations"."version" ASC[0m
Started GET "/" for ::1 at 2023-05-19 22:11:25 +0200
  [1m[36mActiveRecord::SchemaMigration Pluck (0.2ms)[0m  [1m[34mSELECT "schema_migrations"."version" FROM "schema_migrations" ORDER BY "schema_migrations"."version" ASC[0m
Processing by Rails::WelcomeController#index as HTML
  Rendering /Users/heliomiguel/.rbenv/versions/3.1.2/lib/ruby/gems/3.1.0/gems/railties-7.0.4.3/lib/rails/templates/rails/welcome/index.html.erb
  Rendered /Users/heliomiguel/.rbenv/versions/3.1.2/lib/ruby/gems/3.1.0/gems/railties-7.0.4.3/lib/rails/templates/rails/welcome/index.html.erb (Duration: 1.7ms | Allocations: 528)
Completed 200 OK in 14ms (Views: 5.0ms | ActiveRecord: 0.0ms | Allocations: 3801)


Started GET "/buildings" for ::1 at 2023-05-19 22:11:32 +0200
Processing by BuildingsController#index as HTML
  Rendering layout layouts/application.html.erb
  Rendering buildings/index.html.erb within layouts/application
  [1m[36mBuilding Load (0.3ms)[0m  [1m[34mSELECT "buildings".* FROM "buildings"[0m
  ↳ app/views/buildings/index.html.erb:6
  Rendered buildings/index.html.erb within layouts/application (Duration: 10.6ms | Allocations: 1668)
  Rendered layout layouts/application.html.erb (Duration: 147.5ms | Allocations: 37684)
Completed 200 OK in 185ms (Views: 154.7ms | ActiveRecord: 0.3ms | Allocations: 40863)


Started GET "/buildings/new" for ::1 at 2023-05-19 22:11:35 +0200
Processing by BuildingsController#new as HTML
  Rendering layout layouts/application.html.erb
  Rendering buildings/new.html.erb within layouts/application
  Rendered buildings/_form.html.erb (Duration: 15.4ms | Allocations: 5486)
  Rendered buildings/new.html.erb within layouts/application (Duration: 16.5ms | Allocations: 5838)
  Rendered layout layouts/application.html.erb (Duration: 20.4ms | Allocations: 8156)
Completed 200 OK in 31ms (Views: 21.1ms | ActiveRecord: 0.5ms | Allocations: 15826)


Started GET "/buildings" for ::1 at 2023-05-19 22:11:47 +0200
Processing by BuildingsController#index as HTML
  Rendering layout layouts/application.html.erb
  Rendering buildings/index.html.erb within layouts/application
  [1m[36mBuilding Load (0.4ms)[0m  [1m[34mSELECT "buildings".* FROM "buildings"[0m
  ↳ app/views/buildings/index.html.erb:6
  Rendered buildings/index.html.erb within layouts/application (Duration: 4.1ms | Allocations: 889)
  Rendered layout layouts/application.html.erb (Duration: 8.9ms | Allocations: 3083)
Completed 200 OK in 12ms (Views: 9.4ms | ActiveRecord: 0.4ms | Allocations: 3408)


  [1m[36mActiveRecord::SchemaMigration Pluck (0.5ms)[0m  [1m[34mSELECT "schema_migrations"."version" FROM "schema_migrations" ORDER BY "schema_migrations"."version" ASC[0m
Migrating to AddAverageRatingToBuildings (20230522205334)
  [1m[36mTRANSACTION (0.1ms)[0m  [1m[36mbegin transaction[0m
  [1m[35m (2.1ms)[0m  [1m[35mALTER TABLE "buildings" ADD "average_rating" float[0m
  [1m[36mActiveRecord::SchemaMigration Create (0.7ms)[0m  [1m[32mINSERT INTO "schema_migrations" ("version") VALUES (?)[0m  [["version", "20230522205334"]]
  [1m[36mTRANSACTION (0.7ms)[0m  [1m[36mcommit transaction[0m
  [1m[36mActiveRecord::InternalMetadata Load (0.8ms)[0m  [1m[34mSELECT "ar_internal_metadata".* FROM "ar_internal_metadata" WHERE "ar_internal_metadata"."key" = ? LIMIT ?[0m  [["key", "environment"], ["LIMIT", 1]]
  [1m[36mActiveRecord::SchemaMigration Pluck (0.1ms)[0m  [1m[34mSELECT "schema_migrations"."version" FROM "schema_migrations" ORDER BY "schema_migrations"."version" ASC[0m
Started GET "/buildings" for ::1 at 2023-05-22 23:04:32 +0200
  [1m[36mActiveRecord::SchemaMigration Pluck (0.7ms)[0m  [1m[34mSELECT "schema_migrations"."version" FROM "schema_migrations" ORDER BY "schema_migrations"."version" ASC[0m
Processing by BuildingsController#index as HTML
  Rendering layout layouts/application.html.erb
  Rendering buildings/index.html.erb within layouts/application
  [1m[36mBuilding Load (0.7ms)[0m  [1m[34mSELECT "buildings".* FROM "buildings"[0m
  ↳ app/views/buildings/index.html.erb:6
  Rendered buildings/index.html.erb within layouts/application (Duration: 9.1ms | Allocations: 1889)
  Rendered layout layouts/application.html.erb (Duration: 105.6ms | Allocations: 36909)
Completed 200 OK in 136ms (Views: 109.8ms | ActiveRecord: 0.7ms | Allocations: 43613)


Started GET "/buildings/new" for ::1 at 2023-05-22 23:04:36 +0200
Processing by BuildingsController#new as HTML
  Rendering layout layouts/application.html.erb
  Rendering buildings/new.html.erb within layouts/application
  Rendered buildings/_form.html.erb (Duration: 14.9ms | Allocations: 5225)
  Rendered buildings/new.html.erb within layouts/application (Duration: 16.3ms | Allocations: 5577)
  Rendered layout layouts/application.html.erb (Duration: 20.7ms | Allocations: 7895)
Completed 200 OK in 34ms (Views: 21.3ms | ActiveRecord: 0.9ms | Allocations: 15615)


Started POST "/buildings" for ::1 at 2023-05-22 23:10:24 +0200
Processing by BuildingsController#create as TURBO_STREAM
  Parameters: {"authenticity_token"=>"[FILTERED]", "building"=>{"name"=>"Rotes Rathaus", "address"=>"Rathausstraße 15", "neighborhood"=>"Mitte", "city"=>"Berlin", "country"=>"Germany", "latitude"=>"52.5183084334611", "longitude"=>"13.408649394653475", "image"=>#<ActionDispatch::Http::UploadedFile:0x0000000114473d98 @tempfile=#<Tempfile:/var/folders/6j/h9t_r7516f1634l1m0kqr0dr0000gn/T/RackMultipart20230522-6665-q72kxo.jpg>, @original_filename="urn-newsml-dpa-com-20090101-180129-99-852092_large_4_3.jpg", @content_type="image/jpeg", @headers="Content-Disposition: form-data; name=\"building[image]\"; filename=\"urn-newsml-dpa-com-20090101-180129-99-852092_large_4_3.jpg\"\r\nContent-Type: image/jpeg\r\n">}, "commit"=>"Create Building"}
  [1m[36mTRANSACTION (0.1ms)[0m  [1m[36mbegin transaction[0m
  ↳ app/controllers/buildings_controller.rb:28:in `block in create'
  [1m[36mBuilding Create (3.3ms)[0m  [1m[32mINSERT INTO "buildings" ("name", "address", "latitude", "longitude", "neighborhood", "city", "country", "created_at", "updated_at", "image", "average_rating") VALUES (?, ?, ?, ?, ?, ?, ?, ?, ?, ?, ?)[0m  [["name", "Rotes Rathaus"], ["address", "Rathausstraße 15"], ["latitude", 52.5183084334611], ["longitude", 13.408649394653475], ["neighborhood", "Mitte"], ["city", "Berlin"], ["country", "Germany"], ["created_at", "2023-05-22 21:10:24.184468"], ["updated_at", "2023-05-22 21:10:24.184468"], ["image", "urn-newsml-dpa-com-20090101-180129-99-852092_large_4_3.jpg"], ["average_rating", nil]]
  ↳ app/controllers/buildings_controller.rb:28:in `block in create'
  [1m[36mTRANSACTION (1.5ms)[0m  [1m[36mcommit transaction[0m
  ↳ app/controllers/buildings_controller.rb:28:in `block in create'
Redirected to http://localhost:3000/buildings/1
Completed 302 Found in 68ms (ActiveRecord: 10.6ms | Allocations: 6007)


Started GET "/buildings/1" for ::1 at 2023-05-22 23:10:24 +0200
Processing by BuildingsController#show as TURBO_STREAM
  Parameters: {"id"=>"1"}
  [1m[36mBuilding Load (0.2ms)[0m  [1m[34mSELECT "buildings".* FROM "buildings" WHERE "buildings"."id" = ? LIMIT ?[0m  [["id", 1], ["LIMIT", 1]]
  ↳ app/controllers/buildings_controller.rb:64:in `set_building'
  [1m[36mCACHE Building Load (0.0ms)[0m  [1m[34mSELECT "buildings".* FROM "buildings" WHERE "buildings"."id" = ? LIMIT ?[0m  [["id", 1], ["LIMIT", 1]]
  ↳ app/controllers/buildings_controller.rb:11:in `show'
  Rendering layout layouts/application.html.erb
  Rendering buildings/show.html.erb within layouts/application
  Rendered buildings/_building.html.erb (Duration: 1.9ms | Allocations: 348)
  Rendered buildings/show.html.erb within layouts/application (Duration: 12.8ms | Allocations: 2016)
  Rendered layout layouts/application.html.erb (Duration: 24.1ms | Allocations: 4315)
Completed 200 OK in 35ms (Views: 25.4ms | ActiveRecord: 0.2ms | Allocations: 7580)


Started GET "/buildings/" for ::1 at 2023-05-22 23:10:33 +0200
Processing by BuildingsController#index as HTML
  Rendering layout layouts/application.html.erb
  Rendering buildings/index.html.erb within layouts/application
  [1m[36mBuilding Load (0.2ms)[0m  [1m[34mSELECT "buildings".* FROM "buildings"[0m
  ↳ app/views/buildings/index.html.erb:6
  Rendered buildings/_building.html.erb (Duration: 0.1ms | Allocations: 29)
  Rendered buildings/index.html.erb within layouts/application (Duration: 2.3ms | Allocations: 1166)
  Rendered layout layouts/application.html.erb (Duration: 5.9ms | Allocations: 3360)
Completed 200 OK in 7ms (Views: 6.2ms | ActiveRecord: 0.2ms | Allocations: 3666)


Started GET "/buildings/1" for ::1 at 2023-05-22 23:10:37 +0200
Processing by BuildingsController#show as HTML
  Parameters: {"id"=>"1"}
  [1m[36mBuilding Load (0.1ms)[0m  [1m[34mSELECT "buildings".* FROM "buildings" WHERE "buildings"."id" = ? LIMIT ?[0m  [["id", 1], ["LIMIT", 1]]
  ↳ app/controllers/buildings_controller.rb:64:in `set_building'
  [1m[36mCACHE Building Load (0.0ms)[0m  [1m[34mSELECT "buildings".* FROM "buildings" WHERE "buildings"."id" = ? LIMIT ?[0m  [["id", 1], ["LIMIT", 1]]
  ↳ app/controllers/buildings_controller.rb:11:in `show'
  Rendering layout layouts/application.html.erb
  Rendering buildings/show.html.erb within layouts/application
  Rendered buildings/_building.html.erb (Duration: 0.1ms | Allocations: 29)
  Rendered buildings/show.html.erb within layouts/application (Duration: 1.4ms | Allocations: 766)
  Rendered layout layouts/application.html.erb (Duration: 4.2ms | Allocations: 2951)
Completed 200 OK in 7ms (Views: 4.6ms | ActiveRecord: 0.1ms | Allocations: 4144)


Started GET "/buildings/1/edit" for ::1 at 2023-05-22 23:10:59 +0200
Processing by BuildingsController#edit as HTML
  Parameters: {"id"=>"1"}
  [1m[36mBuilding Load (0.1ms)[0m  [1m[34mSELECT "buildings".* FROM "buildings" WHERE "buildings"."id" = ? LIMIT ?[0m  [["id", 1], ["LIMIT", 1]]
  ↳ app/controllers/buildings_controller.rb:64:in `set_building'
  Rendering layout layouts/application.html.erb
  Rendering buildings/edit.html.erb within layouts/application
  Rendered buildings/_form.html.erb (Duration: 6.6ms | Allocations: 2668)
  Rendered buildings/edit.html.erb within layouts/application (Duration: 8.0ms | Allocations: 2943)
  Rendered layout layouts/application.html.erb (Duration: 68.6ms | Allocations: 5137)
Completed 200 OK in 71ms (Views: 69.1ms | ActiveRecord: 0.1ms | Allocations: 5931)


Started GET "/buildings" for ::1 at 2023-05-22 23:11:02 +0200
Processing by BuildingsController#index as HTML
  Rendering layout layouts/application.html.erb
  Rendering buildings/index.html.erb within layouts/application
  [1m[36mBuilding Load (0.1ms)[0m  [1m[34mSELECT "buildings".* FROM "buildings"[0m
  ↳ app/views/buildings/index.html.erb:6
  Rendered buildings/_building.html.erb (Duration: 0.1ms | Allocations: 29)
  Rendered buildings/index.html.erb within layouts/application (Duration: 1.7ms | Allocations: 998)
  Rendered layout layouts/application.html.erb (Duration: 5.5ms | Allocations: 3196)
Completed 200 OK in 6ms (Views: 5.8ms | ActiveRecord: 0.1ms | Allocations: 3477)


